                                        -----------查找关键字大全-----------
关键字:英雄联盟 查找id号:1 关键字:王者荣耀 查找id号:2336 关键字:一起看 查找id号:2135 关键字:星秀 查找id号:1663 关键字:户外 查找id号:2165 

关键字:和平精英 查找id号:3203 关键字:COD手游 查找id号:4769 关键字:绝地求生 查找id号:2793 关键字:人类跌落梦境 查找id号:6141 关键字:lol云顶之弈 查找id号:5485 

关键字:二次元 查找id号:2633 关键字:穿越火线 查找id号:4 关键字:原神 查找id号:5489 关键字:主机游戏 查找id号:100032 关键字:美食 查找id号:2752 

关键字:综合手游 查找id号:100029 关键字:守望先锋 查找id号:2174 关键字:暴雪专区 查找id号:100043 关键字:颜值 查找id号:2168 关键字:交友 查找id号:4079 

关键字:地下城与勇士 查找id号:2 关键字:本周新游 查找id号:100052 关键字:体育 查找id号:2356 关键字:棋牌休闲 查找id号:100036 关键字:我的世界 查找id号:1732 

关键字:CF手游 查找id号:2413 关键字:炉石传说 查找id号:393 关键字:魔兽世界 查找id号:8 关键字:QQ飞车手游 查找id号:2928 关键字:DOTA2 查找id号:7 

关键字:方舟 查找id号:1997 关键字:跑跑卡丁车手游 查找id号:2620 关键字:火影忍者手游 查找id号:2429 关键字:球球大作战 查找id号:2411 关键字:CS:GO 查找id号:862 

关键字:DOTA1 查找id号:6 关键字:QQ飞车 查找id号:9 关键字:问道 查找id号:107 关键字:魔兽争霸3 查找id号:4615 关键字:逆战 查找id号:135 

关键字:梦三国 查找id号:489 关键字:多多自走棋 查找id号:5133 关键字:三国杀 查找id号:1669 关键字:猫和老鼠 查找id号:2758 关键字:网游竞技 查找id号:100023 

关键字:手游休闲 查找id号:100004 关键字:娱乐天地 查找id号:100022 关键字:单机热游 查找id号:100002 关键字:吃喝玩乐 查找id号:100044 关键字:其他网游 查找id号:100031 

关键字:陪玩 查找id号:5367 关键字:射击综合游戏 查找id号:100141 关键字:其他手游 查找id号:100073 关键字:互动点播 查找id号:5907 关键字:传奇类游戏 查找id号:2060 

关键字:趣分享 查找id号:5883 关键字:湖南 查找id号:5123 关键字:军事游戏 查找id号:100133 关键字:王者模拟战 查找id号:5699 关键字:卡牌手游 查找id号:100048 

关键字:坦克世界 查找id号:802 关键字:妄想山海 查找id号:6007 关键字:音乐 查找id号:3793 关键字:二次元手游 查找id号:100091 关键字:创造与魔法 查找id号:2931 

关键字:最新网游 查找id号:100035 关键字:逃离塔科夫 查找id号:3493 关键字:狼人杀手游 查找id号:100049 关键字:使命召唤系列 查找id号:100137 关键字:天涯明月刀手游 查找id号:5115 

关键字:英魂之刃 查找id号:1830 关键字:天谕手游 查找id号:5925 关键字:使命召唤：战区 查找id号:5911 关键字:狼人杀 查找id号:2785 关键字:神武4电脑版 查找id号:3227 

关键字:问道手游 查找id号:2477 关键字:流放之路 查找id号:427 关键字:体育游戏 查找id号:100135 关键字:传奇手游 查找id号:3130 关键字:怀旧游戏 查找id号:100125 

关键字:剑灵 查找id号:897 关键字:明日之后 查找id号:3483 关键字:游戏王：决斗链接 查找id号:4451 关键字:主机新游 查找id号:100083 关键字:虎牙文化 查找id号:4089 

关键字:天龙八部手游 查找id号:2852 关键字:热血江湖 查找id号:387 关键字:起凡：群雄逐鹿 查找id号:1612 关键字:欢乐麻将 查找id号:1751 关键字:香肠派对 查找id号:3639 

关键字:迷你世界 查找id号:2683 关键字:王牌战争：文明重启 查找id号:5479 关键字:忍者必须死3 查找id号:4041 关键字:欢乐斗地主 查找id号:1749 关键字:直播购 查找id号:5709 

关键字:彩虹岛Online 查找id号:683 关键字:奶块 查找id号:2775 关键字:诛仙3 查找id号:1646 关键字:俄罗斯钓鱼4 查找id号:5495 关键字:DNF手游 查找id号:4921 

关键字:御龙在天 查找id号:675 关键字:三国志战略版 查找id号:5619 关键字:炉石战棋 查找id号:5751 关键字:战舰世界 查找id号:1947 关键字:QQ三国 查找id号:1090 

关键字:生死狙击 查找id号:2471 关键字:反恐精英Online 查找id号:1918 关键字:欧洲卡车模拟 查找id号:475 关键字:逆水寒 查找id号:2952 关键字:Apex英雄 查找id号:5011 

关键字:英雄杀 查找id号:2688 关键字:阴阳师 查找id号:2598 关键字:部落冲突 查找id号:1797 关键字:星际战甲 查找id号:627 关键字:中国象棋 查找id号:1671 

关键字:方舟手游 查找id号:4035 关键字:逃跑吧！少年 查找id号:4137 关键字:神武4手游 查找id号:3135 关键字:赛博朋克2077 查找id号:5799 关键字:FIFA Online系列 查找id号:100079 

关键字:航海王：燃烧意志 查找id号:3943 关键字:寻仙 查找id号:734 关键字:魔渊之刃 查找id号:5837 关键字:NBA2KOL系列 查找id号:3959 关键字:暗黑破坏神3 查找id号:1123 

关键字:英魂之刃口袋版 查找id号:2760 关键字:万国觉醒 查找id号:6159 关键字:大话西游2 查找id号:2975 关键字:饥荒 查找id号:74 关键字:永恒之塔 查找id号:446 

关键字:刀剑英雄 查找id号:915 关键字:DayZ独立版 查找id号:1125 关键字:星际争霸 查找id号:5 关键字:枪神纪 查找id号:496 关键字:电视台 查找id号:6245 

关键字:SKY光遇 查找id号:3719 关键字:冒险岛 查找id号:2243 关键字:龙之谷 查找id号:15 关键字:天天酷跑 查找id号:1715 关键字:糖豆人：终极淘汰赛 查找id号:6083 

关键字:丝路传说2 查找id号:1026 关键字:JJ棋牌 查找id号:3841 关键字:狼人杀官方 查找id号:3679 关键字:绝地求生手机版 查找id号:4341 关键字:九阴真经 查找id号:1009 

关键字:FIFA足球世界 查找id号:3873 关键字:街霸：对决 查找id号:5909 关键字:单机手游 查找id号:2777 关键字:铁甲雄兵 查找id号:2765 关键字:传奇世界3D 查找id号:3961 

关键字:骑马与砍杀系列 查找id号:4783 关键字:封灵档案 查找id号:6379 关键字:最强NBA 查找id号:2988 关键字:荒野大镖客2 查找id号:4319 关键字:天堂 查找id号:1966 

关键字:海岛奇兵 查找id号:2624 关键字:QQ华夏 查找id号:1878 关键字:极品飞车Online 查找id号:2563 关键字:跑跑卡丁车 查找id号:162 关键字:育碧游戏 查找id号:100139 

关键字:休闲网游 查找id号:100039 关键字:怪物猎人世界 查找id号:3519 关键字:Among Us 查找id号:6163 关键字:战争雷霆 查找id号:624 关键字:坦克大战 查找id号:4359 

关键字:荒野乱斗 查找id号:4613 关键字:斗战神 查找id号:591 关键字:盗贼之海 查找id号:3641 关键字:QQ自由幻想 查找id号:1862 关键字:鸿图之下 查找id号:6027 

关键字:宝可梦：剑盾 查找id号:5715 关键字:三国群英传8 查找id号:6425 关键字:荣耀大天使 查找id号:6477 关键字:太空杀 查找id号:6213 关键字:皇室战争 查找id号:2439 

关键字:完美世界手游 查找id号:4237 关键字:崩坏3 查找id号:2639 关键字:军团战争 查找id号:928 关键字:QQ炫舞 查找id号:2440 关键字:穿越火线HD 查找id号:6079 

关键字:都市：天际线 查找id号:2201 关键字:使命召唤：黑色行动4 查找id号:4429 关键字:天涯明月刀 查找id号:1219 关键字:战地5 查找id号:4371 关键字:梦想新大陆 查找id号:6033 

关键字:醉逍遥 查找id号:124 关键字:完美端游系列 查找id号:3034 关键字:战意 查找id号:2599 关键字:FIFA Online4 查找id号:3683 关键字:堡垒之夜 查找id号:100117 

关键字:剑网3 查找id号:900 关键字:洛克王国 查找id号:2864 关键字:千年3 查找id号:878 关键字:决战平安京 查找id号:3064 关键字:奇迹MU：觉醒 查找id号:3116 

关键字:二次元网游 查找id号:100040 关键字:多乐棋牌 查找id号:6209 关键字:武林外传一世琴缘 查找id号:1661 关键字:巅峰战舰 查找id号:2502 关键字:天天狼人 查找id号:2774 

关键字:战歌竞技场 查找id号:5521 关键字:赛尔号 查找id号:2755 关键字:实况足球 查找id号:3741 关键字:只狼：影逝二度 查找id号:4505 关键字:时空召唤 查找id号:2551 

关键字:星球大战系列 查找id号:554 关键字:三国志 查找id号:2270 关键字:任天堂专区 查找id号:100087 关键字:全民枪战2 查找id号:3027 关键字:风云岛行动 查找id号:4695 

关键字:热血传奇怀旧版 查找id号:5983 关键字:御龙在天手游 查找id号:2568 关键字:精灵盛典：黎明  查找id号:6123 关键字:激战2 查找id号:406 关键字:VALORANT 查找id号:5937 

关键字:街头篮球 查找id号:206 关键字:新剑侠情缘手游 查找id号:6259 关键字:征途 查找id号:2715 关键字:命运2 查找id号:2942 关键字:奥拉星手游 查找id号:5677 

关键字:红警OL 查找id号:4413 关键字:破雪刃 查找id号:6475 关键字:岛 查找id号:3019 关键字:率土之滨 查找id号:2691 关键字:解神者 查找id号:6257 

关键字:梦想世界 查找id号:486 关键字:决斗之城 查找id号:2868 关键字:装甲战争 查找id号:2276 关键字:反恐行动online 查找id号:861 关键字:天翼决 查找id号:779 

关键字:军棋 查找id号:2561 关键字:三国战纪 查找id号:6047 关键字:海底大作战 查找id号:3101 关键字:时空猎人 查找id号:1742 关键字:云上城之歌 查找id号:5977 

关键字:火影忍者OL 查找id号:3901 关键字:永恒轮回 查找id号:6089 关键字:拾遗记 查找id号:4913 关键字:刺客信条：英灵殿 查找id号:6149 关键字:流放者柯南 查找id号:2772 

关键字:人类一败涂地 查找id号:3289 关键字:极光计划 查找id号:100119 关键字:狂野飙车9：竞速传奇 查找id号:5451 关键字:大唐无双零 查找id号:1584 关键字:奥拉星 查找id号:2846 

关键字:恐鬼症 查找id号:6205 关键字:王牌战士 查找id号:4193 关键字:明日方舟 查找id号:4925 关键字:永恒纪元：戒 查找id号:2646 关键字:极光世界 弑神传 查找id号:514 

关键字:幻书启世录 查找id号:6255 关键字:Badlanders 查找id号:6429 关键字:星球大战：前线 查找id号:2105 关键字:神佑 查找id号:2090 关键字:英雄连 查找id号:232 

关键字:洛奇英雄传 查找id号:432 关键字:龙珠:超宇宙2 查找id号:2662 关键字:纸人 查找id号:5257 关键字:蓝月传奇2 查找id号:6493 关键字:泡泡堂 查找id号:440 

关键字:仁王2 查找id号:5795 关键字:奥奇传说 查找id号:2848 关键字:刺客信条 查找id号:1962 关键字:全球行动 查找id号:5005 关键字:艾兰岛 查找id号:3855 

关键字:元气骑士 查找id号:4287 关键字:斗罗大陆 查找id号:6119 关键字:疾风之刃 查找id号:334 关键字:灌篮高手正版授权手游 查找id号:5399 关键字:魔力宝贝 查找id号:2891 

关键字:星露谷物语 查找id号:2443 关键字:征途2手游 查找id号:2811 关键字:仙剑奇侠传七 查找id号:6509 关键字:最后生还者 第二部 查找id号:5807 关键字:新笑傲江湖 查找id号:5669 

关键字:港诡实录 查找id号:5853 关键字:漫漫长夜 查找id号:2303 关键字:镇魔曲手游 查找id号:2763 关键字:梦幻模拟战 查找id号:3481 关键字:奇葩战斗家 查找id号:4313 

关键字:围棋 查找id号:2694 关键字:300英雄 查找id号:1132 关键字:上古世纪 查找id号:1046 关键字:坦克世界闪击战 查找id号:4977 关键字:帝国时代系列 查找id号:708 

关键字:腾讯桌球 查找id号:2444 关键字:塞尔达传说：荒野之息 查找id号:2924 关键字:战三国八阵奇谋 查找id号:6473 关键字:蛇蛇争霸 查找id号:2680 关键字:贪玩蓝月 查找id号:2936 

关键字:神之浩劫 查找id号:454 关键字:环世界 查找id号:4865 关键字:三国志：幻想大陆 查找id号:6029 关键字:黑色沙漠 查找id号:1877 关键字:猎魂觉醒 查找id号:3071 

关键字:劲舞团 查找id号:2420 关键字:全面战争 查找id号:3521 关键字:超激斗梦境 查找id号:5691 关键字:烈火战马 查找id号:6193 关键字:鬼泣 查找id号:3673 

关键字:圣斗士星矢(腾讯) 查找id号:2521 关键字:天谕 查找id号:1899 关键字:EVE星战前夜：无烬星河 查找id号:5813 关键字:全球使命3 查找id号:2953 关键字:侏罗纪世界：进化 查找id号:3991 

关键字:希望OL 查找id号:1161 关键字:热血江湖手游 查找id号:2817 关键字:龙之谷2手游 查找id号:2736 关键字:缺氧 查找id号:2884 关键字:一梦江湖 查找id号:3082 

关键字:微软模拟飞行2020 查找id号:6099 关键字:对马岛之魂 查找id号:6039 关键字:石器时代M 查找id号:5331 关键字:植物大战僵尸 查找id号:485 关键字:马里奥专区 查找id号:2120 

关键字:战地之王 查找id号:618 关键字:了不起的修仙模拟器 查找id号:4867 关键字:自由幻想手游 查找id号:4015 关键字:天命西游 查找id号:1086 关键字:全境封锁 查找id号:2342 

关键字:QQ幻想世界 查找id号:2897 关键字:寻仙手游 查找id号:2979 关键字:音乐游戏 查找id号:2761 关键字:小卷狼人杀 查找id号:3995 关键字:Factorio 查找id号:2750 

关键字:血族 查找id号:5919 关键字:非人学园 查找id号:4045 关键字:战塔英雄 查找id号:3657 关键字:新游推荐 查找id号:3160 关键字:热血街篮 查找id号:5859 

关键字:魔法门之英雄无敌系列 查找id号:2096 关键字:使命召唤：现代战争 查找id号:5713 关键字:僵尸世界大战 查找id号:5239 关键字:战争艺术 查找id号:3011 关键字:QQ炫舞手游 查找id号:2991 

关键字:神泣 查找id号:2531 关键字:火线精英 查找id号:2550 关键字:口袋觉醒 查找id号:5953 关键字:真三国无双 查找id号:1599 关键字:战术小队 查找id号:2360 

关键字:恐怖黎明 查找id号:3435 关键字:墲人之境 查找id号:5541 关键字:三国群英传7 查找id号:1049 关键字:鹿鼎记 查找id号:45 关键字:塔猎手 查找id号:6383 

关键字:辐射76 查找id号:4365 关键字:弹弹堂手游 查找id号:2857 关键字:哈迪斯 查找id号:6153 关键字:赤壁 查找id号:179 关键字:美丽水世界 查找id号:2365 

关键字:四海兄弟 查找id号:5995 关键字:风云 查找id号:3061 关键字:新剑侠情缘 查找id号:586 关键字:武装突袭 查找id号:465 关键字:最后的绿洲 查找id号:5921 

关键字:星尘传说 查找id号:2601 关键字:飙酷车神 查找id号:3975 关键字:混沌起源 查找id号:5985 关键字:战双：帕弥什 查找id号:4133 关键字:斗破苍穹手游 查找id号:4337 

关键字:魂斗罗：归来 查找id号:2824 关键字:新月狼人杀 查找id号:2989 关键字:渡神记 查找id号:6231 关键字:看门狗：军团 查找id号:6155 关键字:恶魔之魂 查找id号:6151 

关键字:诛仙手游 查找id号:2647 关键字:其他单机 查找id号:3069 关键字:新倩女幽魂 查找id号:1579 关键字:剑侠世界 查找id号:903 关键字:深岩银河:下潜 查找id号:3647 

关键字:征途手游 查找id号:2556 关键字:少年三国志2 查找id号:6125 关键字:少年三国志 查找id号:2627 关键字:无主之地3 查找id号:4713 关键字:拳皇98终极之战OL 查找id号:2687 

关键字:奇迹：传奇 查找id号:3917 关键字:自由之战2 查找id号:2830 关键字:传奇永恒 查找id号:2428 关键字:新神魔大陆 查找id号:5939 关键字:贪吃蛇大作战 查找id号:2584 

关键字:死亡细胞 查找id号:2966 关键字:风暴英雄 查找id号:1450 关键字:流星群侠传 查找id号:3927 关键字:人间地狱 查找id号:5429 关键字:荒岛求生 查找id号:1907 

关键字:SCUM 查找id号:4245 关键字:伤害世界 查找id号:2337 关键字:起凡游戏三国争霸 查找id号:11 关键字:昆特牌 查找id号:2839 关键字:征途2 查找id号:677 

关键字:战神 查找id号:3831 关键字:四叶草剧场 查找id号:6457 关键字:真·三国无双OL 查找id号:324 关键字:诺亚传说 查找id号:190 关键字:FF14 查找id号:1111 

关键字:石油骚动 查找id号:2585 关键字:空洞骑士 查找id号:2985 关键字:猎人：荒野的召唤 查找id号:2906 关键字:黑潮之上 查找id号:6001 关键字:欢乐升级 查找id号:3925 

关键字:极限竞速：地平线 查找id号:2634 关键字:FIFA足球 查找id号:1888 关键字:小说家 查找id号:1385 关键字:杀戮尖塔 查找id号:3601 关键字:全面战争：三国 查找id号:3004 

关键字:火影忍者：究极风暴系列 查找id号:2424 关键字:中土世界系列 查找id号:1807 关键字:EVE Online 查找id号:1292 关键字:荣耀战魂 查找id号:2779 关键字:仙剑奇侠传四 查找id号:1659 

关键字:符文之地传奇 查找id号:5963 关键字:天天象棋 查找id号:4997 关键字:新射雕群侠传 查找id号:6069 关键字:剑与家园 查找id号:2838 关键字:无畏 查找id号:4017 

关键字:阴阳师：百闻牌 查找id号:5019 关键字:钓鱼王者 查找id号:4757 关键字:反恐精英 查找id号:863 关键字:龙珠最强之战 查找id号:4851 关键字:第九大陆 查找id号:286 

关键字:尼尔机械纪元 查找id号:2826 关键字:天天炫斗 查找id号:1713 关键字:剑网3：指尖江湖 查找id号:3885 关键字:幽灵行动：荒野 查找id号:2794 关键字:神途 查找id号:2619 

关键字:狙击手：幽灵战士3 查找id号:2866 关键字:闹闹天宫 查找id号:3837 关键字:仙剑奇侠传6 查找id号:2012 关键字:海底大猎杀 查找id号:3035 关键字:乞丐模拟器 查找id号:3491 

关键字:QQ幻想 查找id号:2419 关键字:仙剑奇侠传九野 查找id号:5375 关键字:传送门2 查找id号:978 关键字:怪物猎人X 查找id号:2368 关键字:汽车修理工模拟系列 查找id号:1438 

关键字:灵魂行者 查找id号:3251 关键字:斩妖行 查找id号:6105 关键字:RF Online 查找id号:1952 关键字:最终幻想7：重制版 查找id号:5809 关键字:复仇者联盟 查找id号:6121 

关键字:漫威：未来之战 查找id号:4515 关键字:SCP0.6.5 汉化版 查找id号:1077 关键字:行星边际2 查找id号:207 关键字:战争前线 查找id号:630 关键字:Atlas 查找id号:4681 

关键字:JJ斗地主 查找id号:6271 关键字:TERA Online 查找id号:1072 关键字:新水浒Q传 查找id号:580 关键字:钓鱼冒险岛 查找id号:5263 关键字:大航海时代OL 查找id号:782 

关键字:不思议迷宫 查找id号:5463 关键字:霹雳墨香 查找id号:89 关键字:轩辕剑7 查找id号:6199 关键字:青云诀2 查找id号:6009 关键字:新挑战 查找id号:583 

关键字:唱舞全明星L 查找id号:5351 关键字:灵魂筹码 查找id号:4059 关键字:X-plane 查找id号:2144 关键字:纪元1800 查找id号:5235 关键字:黎明觉醒 查找id号:6131 

关键字:水上乐园大亨 查找id号:450 关键字:山海经之魔蛙传说 查找id号:6059 关键字:影之刃3 查找id号:6251 关键字:新飞飞(FlyFF) 查找id号:1582 关键字:天下3 查找id号:1597 

关键字:魔力宝贝手机版 查找id号:3062 关键字:塞尔达传说 黄昏公主 查找id号:2427 关键字:妖神记 查找id号:4119 关键字:马里奥赛车8 查找id号:5947 关键字:古剑奇谭OL 查找id号:1892 

关键字:倩女幽魂手游 查找id号:2503 关键字:PS4 查找id号:1810 关键字:斗破苍穹 查找id号:590 关键字:堡垒之夜移动版 查找id号:5435 关键字:野蛮人大作战 查找id号:2971 

关键字:紫塞秋风 查找id号:6045 关键字:拳皇命运 查找id号:3379 关键字:模拟火车2013 查找id号:480 关键字:这是我的战争 查找id号:1885 关键字:微信小游戏 查找id号:3459 

关键字:GUNS UP 查找id号:3125 关键字:热血江湖2 查找id号:386 关键字:艾尔之光 查找id号:240 关键字:量子特攻 查找id号:5611 关键字:逍遥情缘 查找id号:6247 

关键字:战机世界 查找id号:1163 关键字:模拟人生 查找id号:1909 关键字:魔法吃鸡 查找id号:6139 关键字:口袋之路 查找id号:5183 关键字:DCS World 查找id号:2606 

关键字:龙族幻想 查找id号:4649 关键字:一起来捉妖 查找id号:4183 关键字:绿色征途 查找id号:4227 关键字:街球艺术 查找id号:5557 关键字:大话西游手游 查找id号:2626 

关键字:中世纪2：全面战争 查找id号:2901 关键字:辐射：避难所Online 查找id号:4165 关键字:300大作战 查找id号:4989 关键字:石器时代 查找id号:2806 关键字:新热血英豪 查找id号:578 

关键字:孤岛先锋 查找id号:3533 关键字:魂武者 查找id号:4317 关键字:孤岛惊魂5 查找id号:3777 关键字:掼蛋 查找id号:6225 关键字:王国保卫战 查找id号:1409 

关键字:最终幻想系列 查找id号:2454 关键字:我叫MT4 查找id号:4087                                         -----------查找关键字大全-----------
关键字:英雄联盟 查找id号:1 关键字:王者荣耀 查找id号:2336 关键字:一起看 查找id号:2135 关键字:星秀 查找id号:1663 关键字:户外 查找id号:2165 

关键字:和平精英 查找id号:3203 关键字:COD手游 查找id号:4769 关键字:绝地求生 查找id号:2793 关键字:人类跌落梦境 查找id号:6141 关键字:lol云顶之弈 查找id号:5485 

关键字:二次元 查找id号:2633 关键字:穿越火线 查找id号:4 关键字:原神 查找id号:5489 关键字:主机游戏 查找id号:100032 关键字:美食 查找id号:2752 

关键字:综合手游 查找id号:100029 关键字:守望先锋 查找id号:2174 关键字:暴雪专区 查找id号:100043 关键字:颜值 查找id号:2168 关键字:交友 查找id号:4079 

关键字:地下城与勇士 查找id号:2 关键字:本周新游 查找id号:100052 关键字:体育 查找id号:2356 关键字:棋牌休闲 查找id号:100036 关键字:我的世界 查找id号:1732 

关键字:CF手游 查找id号:2413 关键字:炉石传说 查找id号:393 关键字:魔兽世界 查找id号:8 关键字:QQ飞车手游 查找id号:2928 关键字:DOTA2 查找id号:7 

关键字:方舟 查找id号:1997 关键字:跑跑卡丁车手游 查找id号:2620 关键字:火影忍者手游 查找id号:2429 关键字:球球大作战 查找id号:2411 关键字:CS:GO 查找id号:862 

关键字:DOTA1 查找id号:6 关键字:QQ飞车 查找id号:9 关键字:问道 查找id号:107 关键字:魔兽争霸3 查找id号:4615 关键字:逆战 查找id号:135 

关键字:梦三国 查找id号:489 关键字:多多自走棋 查找id号:5133 关键字:三国杀 查找id号:1669 关键字:猫和老鼠 查找id号:2758 关键字:网游竞技 查找id号:100023 

关键字:手游休闲 查找id号:100004 关键字:娱乐天地 查找id号:100022 关键字:单机热游 查找id号:100002 关键字:吃喝玩乐 查找id号:100044 关键字:其他网游 查找id号:100031 

关键字:陪玩 查找id号:5367 关键字:射击综合游戏 查找id号:100141 关键字:其他手游 查找id号:100073 关键字:互动点播 查找id号:5907 关键字:传奇类游戏 查找id号:2060 

关键字:趣分享 查找id号:5883 关键字:湖南 查找id号:5123 关键字:军事游戏 查找id号:100133 关键字:王者模拟战 查找id号:5699 关键字:卡牌手游 查找id号:100048 

关键字:坦克世界 查找id号:802 关键字:妄想山海 查找id号:6007 关键字:音乐 查找id号:3793 关键字:二次元手游 查找id号:100091 关键字:创造与魔法 查找id号:2931 

关键字:最新网游 查找id号:100035 关键字:逃离塔科夫 查找id号:3493 关键字:狼人杀手游 查找id号:100049 关键字:使命召唤系列 查找id号:100137 关键字:天涯明月刀手游 查找id号:5115 

关键字:英魂之刃 查找id号:1830 关键字:天谕手游 查找id号:5925 关键字:使命召唤：战区 查找id号:5911 关键字:狼人杀 查找id号:2785 关键字:神武4电脑版 查找id号:3227 

关键字:问道手游 查找id号:2477 关键字:流放之路 查找id号:427 关键字:体育游戏 查找id号:100135 关键字:传奇手游 查找id号:3130 关键字:怀旧游戏 查找id号:100125 

关键字:剑灵 查找id号:897 关键字:明日之后 查找id号:3483 关键字:游戏王：决斗链接 查找id号:4451 关键字:主机新游 查找id号:100083 关键字:虎牙文化 查找id号:4089 

关键字:天龙八部手游 查找id号:2852 关键字:热血江湖 查找id号:387 关键字:起凡：群雄逐鹿 查找id号:1612 关键字:欢乐麻将 查找id号:1751 关键字:香肠派对 查找id号:3639 

关键字:迷你世界 查找id号:2683 关键字:王牌战争：文明重启 查找id号:5479 关键字:忍者必须死3 查找id号:4041 关键字:欢乐斗地主 查找id号:1749 关键字:直播购 查找id号:5709 

关键字:彩虹岛Online 查找id号:683 关键字:奶块 查找id号:2775 关键字:诛仙3 查找id号:1646 关键字:俄罗斯钓鱼4 查找id号:5495 关键字:DNF手游 查找id号:4921 

关键字:御龙在天 查找id号:675 关键字:三国志战略版 查找id号:5619 关键字:炉石战棋 查找id号:5751 关键字:战舰世界 查找id号:1947 关键字:QQ三国 查找id号:1090 

关键字:生死狙击 查找id号:2471 关键字:反恐精英Online 查找id号:1918 关键字:欧洲卡车模拟 查找id号:475 关键字:逆水寒 查找id号:2952 关键字:Apex英雄 查找id号:5011 

关键字:英雄杀 查找id号:2688 关键字:阴阳师 查找id号:2598 关键字:部落冲突 查找id号:1797 关键字:星际战甲 查找id号:627 关键字:中国象棋 查找id号:1671 

关键字:方舟手游 查找id号:4035 关键字:逃跑吧！少年 查找id号:4137 关键字:神武4手游 查找id号:3135 关键字:赛博朋克2077 查找id号:5799 关键字:FIFA Online系列 查找id号:100079 

关键字:航海王：燃烧意志 查找id号:3943 关键字:寻仙 查找id号:734 关键字:魔渊之刃 查找id号:5837 关键字:NBA2KOL系列 查找id号:3959 关键字:暗黑破坏神3 查找id号:1123 

关键字:英魂之刃口袋版 查找id号:2760 关键字:万国觉醒 查找id号:6159 关键字:大话西游2 查找id号:2975 关键字:饥荒 查找id号:74 关键字:永恒之塔 查找id号:446 

关键字:刀剑英雄 查找id号:915 关键字:DayZ独立版 查找id号:1125 关键字:星际争霸 查找id号:5 关键字:枪神纪 查找id号:496 关键字:电视台 查找id号:6245 

关键字:SKY光遇 查找id号:3719 关键字:冒险岛 查找id号:2243 关键字:龙之谷 查找id号:15 关键字:天天酷跑 查找id号:1715 关键字:糖豆人：终极淘汰赛 查找id号:6083 

关键字:丝路传说2 查找id号:1026 关键字:JJ棋牌 查找id号:3841 关键字:狼人杀官方 查找id号:3679 关键字:绝地求生手机版 查找id号:4341 关键字:九阴真经 查找id号:1009 

关键字:FIFA足球世界 查找id号:3873 关键字:街霸：对决 查找id号:5909 关键字:单机手游 查找id号:2777 关键字:铁甲雄兵 查找id号:2765 关键字:传奇世界3D 查找id号:3961 

关键字:骑马与砍杀系列 查找id号:4783 关键字:封灵档案 查找id号:6379 关键字:最强NBA 查找id号:2988 关键字:荒野大镖客2 查找id号:4319 关键字:天堂 查找id号:1966 

关键字:海岛奇兵 查找id号:2624 关键字:QQ华夏 查找id号:1878 关键字:极品飞车Online 查找id号:2563 关键字:跑跑卡丁车 查找id号:162 关键字:育碧游戏 查找id号:100139 

关键字:休闲网游 查找id号:100039 关键字:怪物猎人世界 查找id号:3519 关键字:Among Us 查找id号:6163 关键字:战争雷霆 查找id号:624 关键字:坦克大战 查找id号:4359 

关键字:荒野乱斗 查找id号:4613 关键字:斗战神 查找id号:591 关键字:盗贼之海 查找id号:3641 关键字:QQ自由幻想 查找id号:1862 关键字:鸿图之下 查找id号:6027 

关键字:宝可梦：剑盾 查找id号:5715 关键字:三国群英传8 查找id号:6425 关键字:荣耀大天使 查找id号:6477 关键字:太空杀 查找id号:6213 关键字:皇室战争 查找id号:2439 

关键字:完美世界手游 查找id号:4237 关键字:崩坏3 查找id号:2639 关键字:军团战争 查找id号:928 关键字:QQ炫舞 查找id号:2440 关键字:穿越火线HD 查找id号:6079 

关键字:都市：天际线 查找id号:2201 关键字:使命召唤：黑色行动4 查找id号:4429 关键字:天涯明月刀 查找id号:1219 关键字:战地5 查找id号:4371 关键字:梦想新大陆 查找id号:6033 

关键字:醉逍遥 查找id号:124 关键字:完美端游系列 查找id号:3034 关键字:战意 查找id号:2599 关键字:FIFA Online4 查找id号:3683 关键字:堡垒之夜 查找id号:100117 

关键字:剑网3 查找id号:900 关键字:洛克王国 查找id号:2864 关键字:千年3 查找id号:878 关键字:决战平安京 查找id号:3064 关键字:奇迹MU：觉醒 查找id号:3116 

关键字:二次元网游 查找id号:100040 关键字:多乐棋牌 查找id号:6209 关键字:武林外传一世琴缘 查找id号:1661 关键字:巅峰战舰 查找id号:2502 关键字:天天狼人 查找id号:2774 

关键字:战歌竞技场 查找id号:5521 关键字:赛尔号 查找id号:2755 关键字:实况足球 查找id号:3741 关键字:只狼：影逝二度 查找id号:4505 关键字:时空召唤 查找id号:2551 

关键字:星球大战系列 查找id号:554 关键字:三国志 查找id号:2270 关键字:任天堂专区 查找id号:100087 关键字:全民枪战2 查找id号:3027 关键字:风云岛行动 查找id号:4695 

关键字:热血传奇怀旧版 查找id号:5983 关键字:御龙在天手游 查找id号:2568 关键字:精灵盛典：黎明  查找id号:6123 关键字:激战2 查找id号:406 关键字:VALORANT 查找id号:5937 

关键字:街头篮球 查找id号:206 关键字:新剑侠情缘手游 查找id号:6259 关键字:征途 查找id号:2715 关键字:命运2 查找id号:2942 关键字:奥拉星手游 查找id号:5677 

关键字:红警OL 查找id号:4413 关键字:破雪刃 查找id号:6475 关键字:岛 查找id号:3019 关键字:率土之滨 查找id号:2691 关键字:解神者 查找id号:6257 

关键字:梦想世界 查找id号:486 关键字:决斗之城 查找id号:2868 关键字:装甲战争 查找id号:2276 关键字:反恐行动online 查找id号:861 关键字:天翼决 查找id号:779 

关键字:军棋 查找id号:2561 关键字:三国战纪 查找id号:6047 关键字:海底大作战 查找id号:3101 关键字:时空猎人 查找id号:1742 关键字:云上城之歌 查找id号:5977 

关键字:火影忍者OL 查找id号:3901 关键字:永恒轮回 查找id号:6089 关键字:拾遗记 查找id号:4913 关键字:刺客信条：英灵殿 查找id号:6149 关键字:流放者柯南 查找id号:2772 

关键字:人类一败涂地 查找id号:3289 关键字:极光计划 查找id号:100119 关键字:狂野飙车9：竞速传奇 查找id号:5451 关键字:大唐无双零 查找id号:1584 关键字:奥拉星 查找id号:2846 

关键字:恐鬼症 查找id号:6205 关键字:王牌战士 查找id号:4193 关键字:明日方舟 查找id号:4925 关键字:永恒纪元：戒 查找id号:2646 关键字:极光世界 弑神传 查找id号:514 

关键字:幻书启世录 查找id号:6255 关键字:Badlanders 查找id号:6429 关键字:星球大战：前线 查找id号:2105 关键字:神佑 查找id号:2090 关键字:英雄连 查找id号:232 

关键字:洛奇英雄传 查找id号:432 关键字:龙珠:超宇宙2 查找id号:2662 关键字:纸人 查找id号:5257 关键字:蓝月传奇2 查找id号:6493 关键字:泡泡堂 查找id号:440 

关键字:仁王2 查找id号:5795 关键字:奥奇传说 查找id号:2848 关键字:刺客信条 查找id号:1962 关键字:全球行动 查找id号:5005 关键字:艾兰岛 查找id号:3855 

关键字:元气骑士 查找id号:4287 关键字:斗罗大陆 查找id号:6119 关键字:疾风之刃 查找id号:334 关键字:灌篮高手正版授权手游 查找id号:5399 关键字:魔力宝贝 查找id号:2891 

关键字:星露谷物语 查找id号:2443 关键字:征途2手游 查找id号:2811 关键字:仙剑奇侠传七 查找id号:6509 关键字:最后生还者 第二部 查找id号:5807 关键字:新笑傲江湖 查找id号:5669 

关键字:港诡实录 查找id号:5853 关键字:漫漫长夜 查找id号:2303 关键字:镇魔曲手游 查找id号:2763 关键字:梦幻模拟战 查找id号:3481 关键字:奇葩战斗家 查找id号:4313 

关键字:围棋 查找id号:2694 关键字:300英雄 查找id号:1132 关键字:上古世纪 查找id号:1046 关键字:坦克世界闪击战 查找id号:4977 关键字:帝国时代系列 查找id号:708 

关键字:腾讯桌球 查找id号:2444 关键字:塞尔达传说：荒野之息 查找id号:2924 关键字:战三国八阵奇谋 查找id号:6473 关键字:蛇蛇争霸 查找id号:2680 关键字:贪玩蓝月 查找id号:2936 

关键字:神之浩劫 查找id号:454 关键字:环世界 查找id号:4865 关键字:三国志：幻想大陆 查找id号:6029 关键字:黑色沙漠 查找id号:1877 关键字:猎魂觉醒 查找id号:3071 

关键字:劲舞团 查找id号:2420 关键字:全面战争 查找id号:3521 关键字:超激斗梦境 查找id号:5691 关键字:烈火战马 查找id号:6193 关键字:鬼泣 查找id号:3673 

关键字:圣斗士星矢(腾讯) 查找id号:2521 关键字:天谕 查找id号:1899 关键字:EVE星战前夜：无烬星河 查找id号:5813 关键字:全球使命3 查找id号:2953 关键字:侏罗纪世界：进化 查找id号:3991 

关键字:希望OL 查找id号:1161 关键字:热血江湖手游 查找id号:2817 关键字:龙之谷2手游 查找id号:2736 关键字:缺氧 查找id号:2884 关键字:一梦江湖 查找id号:3082 

关键字:微软模拟飞行2020 查找id号:6099 关键字:对马岛之魂 查找id号:6039 关键字:石器时代M 查找id号:5331 关键字:植物大战僵尸 查找id号:485 关键字:马里奥专区 查找id号:2120 

关键字:战地之王 查找id号:618 关键字:了不起的修仙模拟器 查找id号:4867 关键字:自由幻想手游 查找id号:4015 关键字:天命西游 查找id号:1086 关键字:全境封锁 查找id号:2342 

关键字:QQ幻想世界 查找id号:2897 关键字:寻仙手游 查找id号:2979 关键字:音乐游戏 查找id号:2761 关键字:小卷狼人杀 查找id号:3995 关键字:Factorio 查找id号:2750 

关键字:血族 查找id号:5919 关键字:非人学园 查找id号:4045 关键字:战塔英雄 查找id号:3657 关键字:新游推荐 查找id号:3160 关键字:热血街篮 查找id号:5859 

关键字:魔法门之英雄无敌系列 查找id号:2096 关键字:使命召唤：现代战争 查找id号:5713 关键字:僵尸世界大战 查找id号:5239 关键字:战争艺术 查找id号:3011 关键字:QQ炫舞手游 查找id号:2991 

关键字:神泣 查找id号:2531 关键字:火线精英 查找id号:2550 关键字:口袋觉醒 查找id号:5953 关键字:真三国无双 查找id号:1599 关键字:战术小队 查找id号:2360 

关键字:恐怖黎明 查找id号:3435 关键字:墲人之境 查找id号:5541 关键字:三国群英传7 查找id号:1049 关键字:鹿鼎记 查找id号:45 关键字:塔猎手 查找id号:6383 

关键字:辐射76 查找id号:4365 关键字:弹弹堂手游 查找id号:2857 关键字:哈迪斯 查找id号:6153 关键字:赤壁 查找id号:179 关键字:美丽水世界 查找id号:2365 

关键字:四海兄弟 查找id号:5995 关键字:风云 查找id号:3061 关键字:新剑侠情缘 查找id号:586 关键字:武装突袭 查找id号:465 关键字:最后的绿洲 查找id号:5921 

关键字:星尘传说 查找id号:2601 关键字:飙酷车神 查找id号:3975 关键字:混沌起源 查找id号:5985 关键字:战双：帕弥什 查找id号:4133 关键字:斗破苍穹手游 查找id号:4337 

关键字:魂斗罗：归来 查找id号:2824 关键字:新月狼人杀 查找id号:2989 关键字:渡神记 查找id号:6231 关键字:看门狗：军团 查找id号:6155 关键字:恶魔之魂 查找id号:6151 

关键字:诛仙手游 查找id号:2647 关键字:其他单机 查找id号:3069 关键字:新倩女幽魂 查找id号:1579 关键字:剑侠世界 查找id号:903 关键字:深岩银河:下潜 查找id号:3647 

关键字:征途手游 查找id号:2556 关键字:少年三国志2 查找id号:6125 关键字:少年三国志 查找id号:2627 关键字:无主之地3 查找id号:4713 关键字:拳皇98终极之战OL 查找id号:2687 

关键字:奇迹：传奇 查找id号:3917 关键字:自由之战2 查找id号:2830 关键字:传奇永恒 查找id号:2428 关键字:新神魔大陆 查找id号:5939 关键字:贪吃蛇大作战 查找id号:2584 

关键字:死亡细胞 查找id号:2966 关键字:风暴英雄 查找id号:1450 关键字:流星群侠传 查找id号:3927 关键字:人间地狱 查找id号:5429 关键字:荒岛求生 查找id号:1907 

关键字:SCUM 查找id号:4245 关键字:伤害世界 查找id号:2337 关键字:起凡游戏三国争霸 查找id号:11 关键字:昆特牌 查找id号:2839 关键字:征途2 查找id号:677 

关键字:战神 查找id号:3831 关键字:四叶草剧场 查找id号:6457 关键字:真·三国无双OL 查找id号:324 关键字:诺亚传说 查找id号:190 关键字:FF14 查找id号:1111 

关键字:石油骚动 查找id号:2585 关键字:空洞骑士 查找id号:2985 关键字:猎人：荒野的召唤 查找id号:2906 关键字:黑潮之上 查找id号:6001 关键字:欢乐升级 查找id号:3925 

关键字:极限竞速：地平线 查找id号:2634 关键字:FIFA足球 查找id号:1888 关键字:小说家 查找id号:1385 关键字:杀戮尖塔 查找id号:3601 关键字:全面战争：三国 查找id号:3004 

关键字:火影忍者：究极风暴系列 查找id号:2424 关键字:中土世界系列 查找id号:1807 关键字:EVE Online 查找id号:1292 关键字:荣耀战魂 查找id号:2779 关键字:仙剑奇侠传四 查找id号:1659 

关键字:符文之地传奇 查找id号:5963 关键字:天天象棋 查找id号:4997 关键字:新射雕群侠传 查找id号:6069 关键字:剑与家园 查找id号:2838 关键字:无畏 查找id号:4017 

关键字:阴阳师：百闻牌 查找id号:5019 关键字:钓鱼王者 查找id号:4757 关键字:反恐精英 查找id号:863 关键字:龙珠最强之战 查找id号:4851 关键字:第九大陆 查找id号:286 

关键字:尼尔机械纪元 查找id号:2826 关键字:天天炫斗 查找id号:1713 关键字:剑网3：指尖江湖 查找id号:3885 关键字:幽灵行动：荒野 查找id号:2794 关键字:神途 查找id号:2619 

关键字:狙击手：幽灵战士3 查找id号:2866 关键字:闹闹天宫 查找id号:3837 关键字:仙剑奇侠传6 查找id号:2012 关键字:海底大猎杀 查找id号:3035 关键字:乞丐模拟器 查找id号:3491 

关键字:QQ幻想 查找id号:2419 关键字:仙剑奇侠传九野 查找id号:5375 关键字:传送门2 查找id号:978 关键字:怪物猎人X 查找id号:2368 关键字:汽车修理工模拟系列 查找id号:1438 

关键字:灵魂行者 查找id号:3251 关键字:斩妖行 查找id号:6105 关键字:RF Online 查找id号:1952 关键字:最终幻想7：重制版 查找id号:5809 关键字:复仇者联盟 查找id号:6121 

关键字:漫威：未来之战 查找id号:4515 关键字:SCP0.6.5 汉化版 查找id号:1077 关键字:行星边际2 查找id号:207 关键字:战争前线 查找id号:630 关键字:Atlas 查找id号:4681 

关键字:JJ斗地主 查找id号:6271 关键字:TERA Online 查找id号:1072 关键字:新水浒Q传 查找id号:580 关键字:钓鱼冒险岛 查找id号:5263 关键字:大航海时代OL 查找id号:782 

关键字:不思议迷宫 查找id号:5463 关键字:霹雳墨香 查找id号:89 关键字:轩辕剑7 查找id号:6199 关键字:青云诀2 查找id号:6009 关键字:新挑战 查找id号:583 

关键字:唱舞全明星L 查找id号:5351 关键字:灵魂筹码 查找id号:4059 关键字:X-plane 查找id号:2144 关键字:纪元1800 查找id号:5235 关键字:黎明觉醒 查找id号:6131 

关键字:水上乐园大亨 查找id号:450 关键字:山海经之魔蛙传说 查找id号:6059 关键字:影之刃3 查找id号:6251 关键字:新飞飞(FlyFF) 查找id号:1582 关键字:天下3 查找id号:1597 

关键字:魔力宝贝手机版 查找id号:3062 关键字:塞尔达传说 黄昏公主 查找id号:2427 关键字:妖神记 查找id号:4119 关键字:马里奥赛车8 查找id号:5947 关键字:古剑奇谭OL 查找id号:1892 

关键字:倩女幽魂手游 查找id号:2503 关键字:PS4 查找id号:1810 关键字:斗破苍穹 查找id号:590 关键字:堡垒之夜移动版 查找id号:5435 关键字:野蛮人大作战 查找id号:2971 

关键字:紫塞秋风 查找id号:6045 关键字:拳皇命运 查找id号:3379 关键字:模拟火车2013 查找id号:480 关键字:这是我的战争 查找id号:1885 关键字:微信小游戏 查找id号:3459 

关键字:GUNS UP 查找id号:3125 关键字:热血江湖2 查找id号:386 关键字:艾尔之光 查找id号:240 关键字:量子特攻 查找id号:5611 关键字:逍遥情缘 查找id号:6247 

关键字:战机世界 查找id号:1163 关键字:模拟人生 查找id号:1909 关键字:魔法吃鸡 查找id号:6139 关键字:口袋之路 查找id号:5183 关键字:DCS World 查找id号:2606 

关键字:龙族幻想 查找id号:4649 关键字:一起来捉妖 查找id号:4183 关键字:绿色征途 查找id号:4227 关键字:街球艺术 查找id号:5557 关键字:大话西游手游 查找id号:2626 

关键字:中世纪2：全面战争 查找id号:2901 关键字:辐射：避难所Online 查找id号:4165 关键字:300大作战 查找id号:4989 关键字:石器时代 查找id号:2806 关键字:新热血英豪 查找id号:578 

关键字:孤岛先锋 查找id号:3533 关键字:魂武者 查找id号:4317 关键字:孤岛惊魂5 查找id号:3777 关键字:掼蛋 查找id号:6225 关键字:王国保卫战 查找id号:1409 

关键字:最终幻想系列 查找id号:2454 关键字:我叫MT4 查找id号:4087 